<?xml version="1.0" encoding="UTF-8"?>
<!-- Generated by org.testng.reporters.JUnitReportReporter -->
<testsuite hostname="DESKTOP-4J1ULF8" failures="0" tests="3" name="hw1.arithmetic.SumOperationTest" time="0.004" errors="0" timestamp="2021-03-26T12:55:53 MSK" skipped="0">
  <testcase classname="hw1.arithmetic.SumOperationTest" name="sumDoubleValuesTest" time="0.000"/>
  <system-out/>
  <testcase classname="hw1.arithmetic.SumOperationTest" name="sumLongValuesTest" time="0.000"/>
  <system-out/>
  <testcase classname="hw1.arithmetic.SumOperationTest" name="sumDoubleValuesTest" time="0.004"/>
  <system-out/>
</testsuite> <!-- hw1.arithmetic.SumOperationTest -->
