<?xml version="1.0" encoding="UTF-8"?>
<!-- Generated by org.testng.reporters.JUnitReportReporter -->
<testsuite ignored="0" hostname="DESKTOP-4J1ULF8" failures="0" tests="10" name="hw3.RunTestEx2" time="46.854" errors="0" timestamp="13 мая 2021 16:30:43 GMT" skipped="0">
  <testcase classname="hw3.RunTestEx2" name="runScenario" time="4.923"/>
  <testcase classname="hw3.RunTestEx2" name="runScenario" time="4.487"/>
  <testcase classname="hw3.RunTestEx2" name="runScenario" time="5.939"/>
  <testcase classname="hw3.RunTestEx2" name="runScenario" time="4.673"/>
  <testcase classname="hw3.RunTestEx2" name="runScenario" time="4.144"/>
  <testcase classname="hw3.RunTestEx2" name="runScenario" time="3.598"/>
  <testcase classname="hw3.RunTestEx2" name="runScenario" time="3.454"/>
  <testcase classname="hw3.RunTestEx2" name="runScenario" time="4.437"/>
  <testcase classname="hw3.RunTestEx2" name="runScenario" time="5.622"/>
  <testcase classname="hw3.RunTestEx2" name="runScenario" time="5.577"/>
</testsuite> <!-- hw3.RunTestEx2 -->
