<?xml version="1.0" encoding="UTF-8"?>
<!-- Generated by org.testng.reporters.JUnitReportReporter -->
<testsuite ignored="0" hostname="DESKTOP-4J1ULF8" failures="0" tests="12" name="hw3.RunTestEx1" time="50.841" errors="0" timestamp="13 мая 2021 16:30:43 GMT" skipped="0">
  <testcase classname="hw3.RunTestEx1" name="runScenario" time="4.091"/>
  <testcase classname="hw3.RunTestEx1" name="runScenario" time="4.571"/>
  <testcase classname="hw3.RunTestEx1" name="runScenario" time="4.917"/>
  <testcase classname="hw3.RunTestEx1" name="runScenario" time="3.681"/>
  <testcase classname="hw3.RunTestEx1" name="runScenario" time="4.153"/>
  <testcase classname="hw3.RunTestEx1" name="runScenario" time="5.562"/>
  <testcase classname="hw3.RunTestEx1" name="runScenario" time="3.763"/>
  <testcase classname="hw3.RunTestEx1" name="runScenario" time="4.646"/>
  <testcase classname="hw3.RunTestEx1" name="runScenario" time="3.712"/>
  <testcase classname="hw3.RunTestEx1" name="runScenario" time="4.848"/>
  <testcase classname="hw3.RunTestEx1" name="runScenario" time="3.380"/>
  <testcase classname="hw3.RunTestEx1" name="runScenario" time="3.517"/>
</testsuite> <!-- hw3.RunTestEx1 -->
